[2021-10-26 09:56:41,663]  TRACE -                           root - ================================================================ (start)
[2021-10-26 09:56:41,679]  DEBUG - ncher.log.AppWrapperLoggerImpl - [APP-WRAPPER] JetBrains License Service Java: /usr/java/jdk1.8.0_121/jre (version "1.8.0_121", build "1.8.0_121-b13")
[2021-10-26 09:56:41,693]  DEBUG - ncher.log.AppWrapperLoggerImpl - [APP-WRAPPER] JetBrains License Service process ID: 31991
[2021-10-26 09:56:41,693]  DEBUG - ncher.log.AppWrapperLoggerImpl - [APP-WRAPPER] JetBrains License Service home directory: /www/wwwroot/idea.uunn.eu
[2021-10-26 09:56:41,693]  DEBUG - ncher.log.AppWrapperLoggerImpl - [APP-WRAPPER] Command line: [com.jetbrains.ls.floating.service.LsFloatingJetLauncherServiceImpl, --listen, 127.0.0.1, --port, 8080]
[2021-10-26 09:56:41,693]  DEBUG - ncher.log.AppWrapperLoggerImpl - [APP-WRAPPER] JetLauncher logs directory: <JetBrains License Service Home>/logs
[2021-10-26 09:56:41,699]  DEBUG - ncher.log.AppWrapperLoggerImpl - [APP-WRAPPER] JetBrains License Service class loader:
java.net.URLClassLoader {
    file:<JetBrains License Service Home>/lib/jetty-annotations-9.4.35.v20201120.jar
    file:<JetBrains License Service Home>/lib/jetty-quickstart-9.4.35.v20201120.jar
    file:<JetBrains License Service Home>/lib/asm-analysis-9.0.jar
    file:<JetBrains License Service Home>/lib/jetty-plus-9.4.35.v20201120.jar
    file:<JetBrains License Service Home>/lib/javax.annotation-api-1.3.2.jar
    file:<JetBrains License Service Home>/lib/websocket-server-9.4.35.v20201120.jar
    file:<JetBrains License Service Home>/lib/service-utils-1.5.642.jar
    file:<JetBrains License Service Home>/lib/jetty-jaspi-9.4.35.v20201120.jar
    file:<JetBrains License Service Home>/lib/jetty-servlet-9.4.35.v20201120.jar
    file:<JetBrains License Service Home>/lib/websocket-servlet-9.4.35.v20201120.jar
    file:<JetBrains License Service Home>/lib/websocket-client-9.4.35.v20201120.jar
    file:<JetBrains License Service Home>/lib/javax-websocket-client-impl-9.4.35.v20201120.jar
    file:<JetBrains License Service Home>/lib/http2-client-9.4.35.v20201120.jar
    file:<JetBrains License Service Home>/lib/jetty-security-9.4.35.v20201120.jar
    file:<JetBrains License Service Home>/lib/asm-tree-9.0.jar
    file:<JetBrains License Service Home>/lib/log4j-slf4j18-impl-2.14.1.jar
    file:<JetBrains License Service Home>/lib/jetty-xml-9.4.35.v20201120.jar
    file:<JetBrains License Service Home>/lib/log4j-api-2.14.1.jar
    file:<JetBrains License Service Home>/lib/log4j-core-2.14.1.jar
    file:<JetBrains License Service Home>/lib/jetty-client-9.4.35.v20201120.jar
    file:<JetBrains License Service Home>/lib/jetty-rewrite-9.4.35.v20201120.jar
    file:<JetBrains License Service Home>/lib/http2-hpack-9.4.35.v20201120.jar
    file:<JetBrains License Service Home>/lib/jetty-util-ajax-9.4.35.v20201120.jar
    file:<JetBrains License Service Home>/lib/jetty-jmx-9.4.35.v20201120.jar
    file:<JetBrains License Service Home>/lib/asm-9.0.jar
    file:<JetBrains License Service Home>/lib/javax.transaction-api-1.3.jar
    file:<JetBrains License Service Home>/lib/jetty-alpn-client-9.4.35.v20201120.jar
    file:<JetBrains License Service Home>/lib/jetty-util-9.4.35.v20201120.jar
    file:<JetBrains License Service Home>/lib/jul-to-slf4j-1.8.0-beta4.jar
    file:<JetBrains License Service Home>/lib/commons-lang3-3.1.jar
    file:<JetBrains License Service Home>/lib/slf4j-api-1.8.0-beta1.jar
    file:<JetBrains License Service Home>/lib/jetty-http-9.4.35.v20201120.jar
    file:<JetBrains License Service Home>/lib/javax.security.auth.message-1.0.0.v201108011116.jar
    file:<JetBrains License Service Home>/lib/lsrv-floating-ring-bundle.jar
    file:<JetBrains License Service Home>/lib/http2-server-9.4.35.v20201120.jar
    file:<JetBrains License Service Home>/lib/websocket-common-9.4.35.v20201120.jar
    file:<JetBrains License Service Home>/lib/jetty-io-9.4.35.v20201120.jar
    file:<JetBrains License Service Home>/lib/jetty-server-9.4.35.v20201120.jar
    file:<JetBrains License Service Home>/lib/javax.websocket-api-1.0.jar
    file:<JetBrains License Service Home>/lib/javax.servlet-api-3.1.0.jar
    file:<JetBrains License Service Home>/lib/annotations-13.0.jar
    file:<JetBrains License Service Home>/lib/jetty-servlets-9.4.35.v20201120.jar
    file:<JetBrains License Service Home>/lib/asm-commons-9.0.jar
    file:<JetBrains License Service Home>/lib/websocket-api-9.4.35.v20201120.jar
    file:<JetBrains License Service Home>/lib/http2-common-9.4.35.v20201120.jar
    file:<JetBrains License Service Home>/lib/javax.websocket-client-api-1.0.jar
    file:<JetBrains License Service Home>/lib/jetty-deploy-9.4.35.v20201120.jar
    file:<JetBrains License Service Home>/lib/jetty-webapp-9.4.35.v20201120.jar
    file:<JetBrains License Service Home>/lib/javax-websocket-server-impl-9.4.35.v20201120.jar
    file:<JetBrains License Service Home>/lib/jetty-jndi-9.4.35.v20201120.jar
    file:<JetBrains License Service Home>/lib/jetty-based-service-1.5.642.jar
}
with parent java.net.URLClassLoader {
    file:<JetBrains License Service Home>/launcher/lib/app-wrapper/app-wrapper-api.jar
    file:<JetBrains License Service Home>/launcher/lib/app-wrapper/../common/launcher-api.jar
    file:<JetBrains License Service Home>/launcher/lib/app-wrapper/../common/launcher-runtime-api.jar
}
with parent sun.misc.Launcher$ExtClassLoader {
    file:/usr/java/jdk1.8.0_121/jre/lib/ext/jaccess.jar
    file:/usr/java/jdk1.8.0_121/jre/lib/ext/sunjce_provider.jar
    file:/usr/java/jdk1.8.0_121/jre/lib/ext/cldrdata.jar
    file:/usr/java/jdk1.8.0_121/jre/lib/ext/dnsns.jar
    file:/usr/java/jdk1.8.0_121/jre/lib/ext/sunpkcs11.jar
    file:/usr/java/jdk1.8.0_121/jre/lib/ext/nashorn.jar
    file:/usr/java/jdk1.8.0_121/jre/lib/ext/sunec.jar
    file:/usr/java/jdk1.8.0_121/jre/lib/ext/localedata.jar
    file:/usr/java/jdk1.8.0_121/jre/lib/ext/jfxrt.jar
    file:/usr/java/jdk1.8.0_121/jre/lib/ext/zipfs.jar
}
[2021-10-26 09:56:41,761]  DEBUG - ncher.log.AppWrapperLoggerImpl - [APP-WRAPPER] JetLauncher version: 1.0.131
[2021-10-26 09:56:41,769]  DEBUG - ncher.log.AppWrapperLoggerImpl - [APP-WRAPPER] Configuring JetBrains License Service...
[2021-10-26 09:56:42,583]  DEBUG - ncher.log.AppWrapperLoggerImpl - [APP-WRAPPER] Configuration finished with exit code OK(0)
[2021-10-26 09:56:42,583]  TRACE -                           root - ================================================================ (finish)
[2021-10-26 09:57:24,332]  TRACE -                           root - ================================================================ (start)
[2021-10-26 09:57:24,353]  DEBUG - ncher.log.AppWrapperLoggerImpl - [APP-WRAPPER] JetBrains License Service Java: /usr/java/jdk1.8.0_121/jre (version "1.8.0_121", build "1.8.0_121-b13")
[2021-10-26 09:57:24,358]  DEBUG - ncher.log.AppWrapperLoggerImpl - [APP-WRAPPER] JetBrains License Service process ID: 32389
[2021-10-26 09:57:24,358]  DEBUG - ncher.log.AppWrapperLoggerImpl - [APP-WRAPPER] JetBrains License Service home directory: /www/wwwroot/idea.uunn.eu
[2021-10-26 09:57:24,358]  DEBUG - ncher.log.AppWrapperLoggerImpl - [APP-WRAPPER] Command line: [com.jetbrains.ls.floating.service.LsFloatingJetLauncherServiceImpl, --jetty.virtualHosts.names=idea.uunn.eu]
[2021-10-26 09:57:24,358]  DEBUG - ncher.log.AppWrapperLoggerImpl - [APP-WRAPPER] JetLauncher logs directory: <JetBrains License Service Home>/logs
[2021-10-26 09:57:24,375]  DEBUG - ncher.log.AppWrapperLoggerImpl - [APP-WRAPPER] JetBrains License Service class loader:
java.net.URLClassLoader {
    file:<JetBrains License Service Home>/lib/jetty-annotations-9.4.35.v20201120.jar
    file:<JetBrains License Service Home>/lib/jetty-quickstart-9.4.35.v20201120.jar
    file:<JetBrains License Service Home>/lib/asm-analysis-9.0.jar
    file:<JetBrains License Service Home>/lib/jetty-plus-9.4.35.v20201120.jar
    file:<JetBrains License Service Home>/lib/javax.annotation-api-1.3.2.jar
    file:<JetBrains License Service Home>/lib/websocket-server-9.4.35.v20201120.jar
    file:<JetBrains License Service Home>/lib/service-utils-1.5.642.jar
    file:<JetBrains License Service Home>/lib/jetty-jaspi-9.4.35.v20201120.jar
    file:<JetBrains License Service Home>/lib/jetty-servlet-9.4.35.v20201120.jar
    file:<JetBrains License Service Home>/lib/websocket-servlet-9.4.35.v20201120.jar
    file:<JetBrains License Service Home>/lib/websocket-client-9.4.35.v20201120.jar
    file:<JetBrains License Service Home>/lib/javax-websocket-client-impl-9.4.35.v20201120.jar
    file:<JetBrains License Service Home>/lib/http2-client-9.4.35.v20201120.jar
    file:<JetBrains License Service Home>/lib/jetty-security-9.4.35.v20201120.jar
    file:<JetBrains License Service Home>/lib/asm-tree-9.0.jar
    file:<JetBrains License Service Home>/lib/log4j-slf4j18-impl-2.14.1.jar
    file:<JetBrains License Service Home>/lib/jetty-xml-9.4.35.v20201120.jar
    file:<JetBrains License Service Home>/lib/log4j-api-2.14.1.jar
    file:<JetBrains License Service Home>/lib/log4j-core-2.14.1.jar
    file:<JetBrains License Service Home>/lib/jetty-client-9.4.35.v20201120.jar
    file:<JetBrains License Service Home>/lib/jetty-rewrite-9.4.35.v20201120.jar
    file:<JetBrains License Service Home>/lib/http2-hpack-9.4.35.v20201120.jar
    file:<JetBrains License Service Home>/lib/jetty-util-ajax-9.4.35.v20201120.jar
    file:<JetBrains License Service Home>/lib/jetty-jmx-9.4.35.v20201120.jar
    file:<JetBrains License Service Home>/lib/asm-9.0.jar
    file:<JetBrains License Service Home>/lib/javax.transaction-api-1.3.jar
    file:<JetBrains License Service Home>/lib/jetty-alpn-client-9.4.35.v20201120.jar
    file:<JetBrains License Service Home>/lib/jetty-util-9.4.35.v20201120.jar
    file:<JetBrains License Service Home>/lib/jul-to-slf4j-1.8.0-beta4.jar
    file:<JetBrains License Service Home>/lib/commons-lang3-3.1.jar
    file:<JetBrains License Service Home>/lib/slf4j-api-1.8.0-beta1.jar
    file:<JetBrains License Service Home>/lib/jetty-http-9.4.35.v20201120.jar
    file:<JetBrains License Service Home>/lib/javax.security.auth.message-1.0.0.v201108011116.jar
    file:<JetBrains License Service Home>/lib/lsrv-floating-ring-bundle.jar
    file:<JetBrains License Service Home>/lib/http2-server-9.4.35.v20201120.jar
    file:<JetBrains License Service Home>/lib/websocket-common-9.4.35.v20201120.jar
    file:<JetBrains License Service Home>/lib/jetty-io-9.4.35.v20201120.jar
    file:<JetBrains License Service Home>/lib/jetty-server-9.4.35.v20201120.jar
    file:<JetBrains License Service Home>/lib/javax.websocket-api-1.0.jar
    file:<JetBrains License Service Home>/lib/javax.servlet-api-3.1.0.jar
    file:<JetBrains License Service Home>/lib/annotations-13.0.jar
    file:<JetBrains License Service Home>/lib/jetty-servlets-9.4.35.v20201120.jar
    file:<JetBrains License Service Home>/lib/asm-commons-9.0.jar
    file:<JetBrains License Service Home>/lib/websocket-api-9.4.35.v20201120.jar
    file:<JetBrains License Service Home>/lib/http2-common-9.4.35.v20201120.jar
    file:<JetBrains License Service Home>/lib/javax.websocket-client-api-1.0.jar
    file:<JetBrains License Service Home>/lib/jetty-deploy-9.4.35.v20201120.jar
    file:<JetBrains License Service Home>/lib/jetty-webapp-9.4.35.v20201120.jar
    file:<JetBrains License Service Home>/lib/javax-websocket-server-impl-9.4.35.v20201120.jar
    file:<JetBrains License Service Home>/lib/jetty-jndi-9.4.35.v20201120.jar
    file:<JetBrains License Service Home>/lib/jetty-based-service-1.5.642.jar
}
with parent java.net.URLClassLoader {
    file:<JetBrains License Service Home>/launcher/lib/app-wrapper/app-wrapper-api.jar
    file:<JetBrains License Service Home>/launcher/lib/app-wrapper/../common/launcher-api.jar
    file:<JetBrains License Service Home>/launcher/lib/app-wrapper/../common/launcher-runtime-api.jar
}
with parent sun.misc.Launcher$ExtClassLoader {
    file:/usr/java/jdk1.8.0_121/jre/lib/ext/jaccess.jar
    file:/usr/java/jdk1.8.0_121/jre/lib/ext/sunjce_provider.jar
    file:/usr/java/jdk1.8.0_121/jre/lib/ext/cldrdata.jar
    file:/usr/java/jdk1.8.0_121/jre/lib/ext/dnsns.jar
    file:/usr/java/jdk1.8.0_121/jre/lib/ext/sunpkcs11.jar
    file:/usr/java/jdk1.8.0_121/jre/lib/ext/nashorn.jar
    file:/usr/java/jdk1.8.0_121/jre/lib/ext/sunec.jar
    file:/usr/java/jdk1.8.0_121/jre/lib/ext/localedata.jar
    file:/usr/java/jdk1.8.0_121/jre/lib/ext/jfxrt.jar
    file:/usr/java/jdk1.8.0_121/jre/lib/ext/zipfs.jar
}
[2021-10-26 09:57:24,432]  DEBUG - ncher.log.AppWrapperLoggerImpl - [APP-WRAPPER] JetLauncher version: 1.0.131
[2021-10-26 09:57:24,437]  DEBUG - ncher.log.AppWrapperLoggerImpl - [APP-WRAPPER] Configuring JetBrains License Service...
[2021-10-26 09:57:25,168]  DEBUG - ncher.log.AppWrapperLoggerImpl - [APP-WRAPPER] Configuration finished with exit code OK(0)
[2021-10-26 09:57:25,169]  TRACE -                           root - ================================================================ (finish)
[2021-10-26 14:48:28,579]  TRACE -                           root - ================================================================ (start)
[2021-10-26 14:48:28,645]  DEBUG - ncher.log.AppWrapperLoggerImpl - [APP-WRAPPER] JetBrains License Service Java: /usr/java/jdk1.8.0_121/jre (version "1.8.0_121", build "1.8.0_121-b13")
[2021-10-26 14:48:28,650]  DEBUG - ncher.log.AppWrapperLoggerImpl - [APP-WRAPPER] JetBrains License Service process ID: 2655
[2021-10-26 14:48:28,650]  DEBUG - ncher.log.AppWrapperLoggerImpl - [APP-WRAPPER] JetBrains License Service home directory: /www/wwwroot/idea.uunn.eu
[2021-10-26 14:48:28,650]  DEBUG - ncher.log.AppWrapperLoggerImpl - [APP-WRAPPER] Command line: [com.jetbrains.ls.floating.service.LsFloatingJetLauncherServiceImpl]
[2021-10-26 14:48:28,650]  DEBUG - ncher.log.AppWrapperLoggerImpl - [APP-WRAPPER] JetLauncher logs directory: <JetBrains License Service Home>/logs
[2021-10-26 14:48:28,684]  DEBUG - ncher.log.AppWrapperLoggerImpl - [APP-WRAPPER] JetBrains License Service class loader:
java.net.URLClassLoader {
    file:<JetBrains License Service Home>/lib/jetty-annotations-9.4.35.v20201120.jar
    file:<JetBrains License Service Home>/lib/jetty-quickstart-9.4.35.v20201120.jar
    file:<JetBrains License Service Home>/lib/asm-analysis-9.0.jar
    file:<JetBrains License Service Home>/lib/jetty-plus-9.4.35.v20201120.jar
    file:<JetBrains License Service Home>/lib/javax.annotation-api-1.3.2.jar
    file:<JetBrains License Service Home>/lib/websocket-server-9.4.35.v20201120.jar
    file:<JetBrains License Service Home>/lib/service-utils-1.5.642.jar
    file:<JetBrains License Service Home>/lib/jetty-jaspi-9.4.35.v20201120.jar
    file:<JetBrains License Service Home>/lib/jetty-servlet-9.4.35.v20201120.jar
    file:<JetBrains License Service Home>/lib/websocket-servlet-9.4.35.v20201120.jar
    file:<JetBrains License Service Home>/lib/websocket-client-9.4.35.v20201120.jar
    file:<JetBrains License Service Home>/lib/javax-websocket-client-impl-9.4.35.v20201120.jar
    file:<JetBrains License Service Home>/lib/http2-client-9.4.35.v20201120.jar
    file:<JetBrains License Service Home>/lib/jetty-security-9.4.35.v20201120.jar
    file:<JetBrains License Service Home>/lib/asm-tree-9.0.jar
    file:<JetBrains License Service Home>/lib/log4j-slf4j18-impl-2.14.1.jar
    file:<JetBrains License Service Home>/lib/jetty-xml-9.4.35.v20201120.jar
    file:<JetBrains License Service Home>/lib/log4j-api-2.14.1.jar
    file:<JetBrains License Service Home>/lib/log4j-core-2.14.1.jar
    file:<JetBrains License Service Home>/lib/jetty-client-9.4.35.v20201120.jar
    file:<JetBrains License Service Home>/lib/jetty-rewrite-9.4.35.v20201120.jar
    file:<JetBrains License Service Home>/lib/http2-hpack-9.4.35.v20201120.jar
    file:<JetBrains License Service Home>/lib/jetty-util-ajax-9.4.35.v20201120.jar
    file:<JetBrains License Service Home>/lib/jetty-jmx-9.4.35.v20201120.jar
    file:<JetBrains License Service Home>/lib/asm-9.0.jar
    file:<JetBrains License Service Home>/lib/javax.transaction-api-1.3.jar
    file:<JetBrains License Service Home>/lib/jetty-alpn-client-9.4.35.v20201120.jar
    file:<JetBrains License Service Home>/lib/jetty-util-9.4.35.v20201120.jar
    file:<JetBrains License Service Home>/lib/jul-to-slf4j-1.8.0-beta4.jar
    file:<JetBrains License Service Home>/lib/commons-lang3-3.1.jar
    file:<JetBrains License Service Home>/lib/slf4j-api-1.8.0-beta1.jar
    file:<JetBrains License Service Home>/lib/jetty-http-9.4.35.v20201120.jar
    file:<JetBrains License Service Home>/lib/javax.security.auth.message-1.0.0.v201108011116.jar
    file:<JetBrains License Service Home>/lib/lsrv-floating-ring-bundle.jar
    file:<JetBrains License Service Home>/lib/http2-server-9.4.35.v20201120.jar
    file:<JetBrains License Service Home>/lib/websocket-common-9.4.35.v20201120.jar
    file:<JetBrains License Service Home>/lib/jetty-io-9.4.35.v20201120.jar
    file:<JetBrains License Service Home>/lib/jetty-server-9.4.35.v20201120.jar
    file:<JetBrains License Service Home>/lib/javax.websocket-api-1.0.jar
    file:<JetBrains License Service Home>/lib/javax.servlet-api-3.1.0.jar
    file:<JetBrains License Service Home>/lib/annotations-13.0.jar
    file:<JetBrains License Service Home>/lib/jetty-servlets-9.4.35.v20201120.jar
    file:<JetBrains License Service Home>/lib/asm-commons-9.0.jar
    file:<JetBrains License Service Home>/lib/websocket-api-9.4.35.v20201120.jar
    file:<JetBrains License Service Home>/lib/http2-common-9.4.35.v20201120.jar
    file:<JetBrains License Service Home>/lib/javax.websocket-client-api-1.0.jar
    file:<JetBrains License Service Home>/lib/jetty-deploy-9.4.35.v20201120.jar
    file:<JetBrains License Service Home>/lib/jetty-webapp-9.4.35.v20201120.jar
    file:<JetBrains License Service Home>/lib/javax-websocket-server-impl-9.4.35.v20201120.jar
    file:<JetBrains License Service Home>/lib/jetty-jndi-9.4.35.v20201120.jar
    file:<JetBrains License Service Home>/lib/jetty-based-service-1.5.642.jar
}
with parent java.net.URLClassLoader {
    file:<JetBrains License Service Home>/launcher/lib/app-wrapper/app-wrapper-api.jar
    file:<JetBrains License Service Home>/launcher/lib/app-wrapper/../common/launcher-api.jar
    file:<JetBrains License Service Home>/launcher/lib/app-wrapper/../common/launcher-runtime-api.jar
}
with parent sun.misc.Launcher$ExtClassLoader {
    file:/usr/java/jdk1.8.0_121/jre/lib/ext/jaccess.jar
    file:/usr/java/jdk1.8.0_121/jre/lib/ext/sunjce_provider.jar
    file:/usr/java/jdk1.8.0_121/jre/lib/ext/cldrdata.jar
    file:/usr/java/jdk1.8.0_121/jre/lib/ext/dnsns.jar
    file:/usr/java/jdk1.8.0_121/jre/lib/ext/sunpkcs11.jar
    file:/usr/java/jdk1.8.0_121/jre/lib/ext/nashorn.jar
    file:/usr/java/jdk1.8.0_121/jre/lib/ext/sunec.jar
    file:/usr/java/jdk1.8.0_121/jre/lib/ext/localedata.jar
    file:/usr/java/jdk1.8.0_121/jre/lib/ext/jfxrt.jar
    file:/usr/java/jdk1.8.0_121/jre/lib/ext/zipfs.jar
}
[2021-10-26 14:48:28,878]  DEBUG - ncher.log.AppWrapperLoggerImpl - [APP-WRAPPER] JetLauncher version: 1.0.131
[2021-10-26 14:48:28,912]  DEBUG - ncher.log.AppWrapperLoggerImpl - [APP-WRAPPER] Starting JetBrains License Service...
[2021-10-26 14:48:28,918]  DEBUG - ncher.log.AppWrapperLoggerImpl - [APP-WRAPPER] [Server] Server started on port 35051
[2021-10-26 14:48:36,596]  DEBUG - ncher.log.AppWrapperLoggerImpl - [APP-WRAPPER] JetBrains License Service was started
